0 info it worked if it ends with ok
1 verbose cli [ '/opt/local/bin/node',
1 verbose cli   '/opt/local/bin/npm',
1 verbose cli   'install',
1 verbose cli   'underscore.js' ]
2 info using npm@1.1.70
3 info using node@v0.8.16
4 verbose read json /Users/app-academy/Desktop/towers_of_hanoi/package.json
5 verbose read json /Users/app-academy/Desktop/towers_of_hanoi/package.json
6 verbose cache add [ 'underscore.js', null ]
7 silly cache add name=undefined spec="underscore.js" args=["underscore.js",null]
8 verbose parsed url { pathname: 'underscore.js',
8 verbose parsed url   path: 'underscore.js',
8 verbose parsed url   href: 'underscore.js' }
9 silly lockFile e2067380-underscore-js underscore.js
10 verbose lock underscore.js /Users/app-academy/.npm/e2067380-underscore-js.lock
11 silly lockFile e2067380-underscore-js underscore.js
12 verbose addNamed [ 'underscore.js', '' ]
13 verbose addNamed [ null, '' ]
14 silly lockFile 24d5ea89-underscore-js underscore.js@
15 verbose lock underscore.js@ /Users/app-academy/.npm/24d5ea89-underscore-js.lock
16 silly addNameRange { name: 'underscore.js', range: '', hasData: false }
17 verbose url raw underscore.js
18 verbose url resolving [ 'https://registry.npmjs.org/', './underscore.js' ]
19 verbose url resolved https://registry.npmjs.org/underscore.js
20 info trying registry request attempt 1 at 11:14:41
21 http GET https://registry.npmjs.org/underscore.js
22 http 404 https://registry.npmjs.org/underscore.js
23 silly registry.get cb [ 404,
23 silly registry.get   { server: 'CouchDB/1.2.1 (Erlang OTP/R15B)',
23 silly registry.get     date: 'Wed, 13 Feb 2013 19:12:46 GMT',
23 silly registry.get     'content-type': 'application/json',
23 silly registry.get     'content-length': '52',
23 silly registry.get     'cache-control': 'must-revalidate' } ]
24 silly lockFile 24d5ea89-underscore-js underscore.js@
25 error 404 'underscore.js' is not in the npm registry.
25 error 404 You should bug the author to publish it
25 error 404
25 error 404 Maybe try 'npm search underscore'
25 error 404
25 error 404 Note that you can also install from a
25 error 404 tarball, folder, or http url, or git url.
26 error System Darwin 12.2.1
27 error command "/opt/local/bin/node" "/opt/local/bin/npm" "install" "underscore.js"
28 error cwd /Users/app-academy/Desktop/towers_of_hanoi
29 error node -v v0.8.16
30 error npm -v 1.1.70
31 error code E404
32 verbose exit [ 1, true ]
